<?xml version="1.0" encoding="UTF-8"?>
<testng-results skipped="0" failed="0" ignored="0" total="0" passed="0">
  <reporter-output>
  </reporter-output>
  <suite name="com.hrmapp.orange.orangehrm.AppTest" duration-ms="7" started-at="2019-03-23T08:57:44Z" finished-at="2019-03-23T08:57:44Z">
    <groups>
    </groups>
    <test name="Command line test" duration-ms="7" started-at="2019-03-23T08:57:44Z" finished-at="2019-03-23T08:57:44Z">
    </test> <!-- Command line test -->
  </suite> <!-- com.hrmapp.orange.orangehrm.AppTest -->
</testng-results>
