<?xml version="1.0" encoding="UTF-8"?>
<testng-results skipped="0" failed="0" total="2" passed="2">
  <reporter-output>
  </reporter-output>
  <suite name="Default suite" duration-ms="3423" started-at="2019-04-06T05:30:39Z" finished-at="2019-04-06T05:30:43Z">
    <groups>
    </groups>
    <test name="Default test" duration-ms="3423" started-at="2019-04-06T05:30:39Z" finished-at="2019-04-06T05:30:43Z">
      <class name="com.hrmapp.orange.orangehrm.Tests">
        <test-method status="PASS" signature="setup()[pri:0, instance:com.hrmapp.orange.orangehrm.Tests@79be86]" name="setup" is-config="true" duration-ms="6030" started-at="2019-04-06T11:00:33Z" finished-at="2019-04-06T11:00:39Z">
          <reporter-output>
          </reporter-output>
        </test-method> <!-- setup -->
        <test-method status="PASS" signature="test1()[pri:0, instance:com.hrmapp.orange.orangehrm.Tests@79be86]" name="test1" duration-ms="2929" started-at="2019-04-06T11:00:39Z" finished-at="2019-04-06T11:00:42Z">
          <reporter-output>
          </reporter-output>
        </test-method> <!-- test1 -->
        <test-method status="PASS" signature="test2()[pri:0, instance:com.hrmapp.orange.orangehrm.Tests@79be86]" name="test2" duration-ms="462" started-at="2019-04-06T11:00:42Z" finished-at="2019-04-06T11:00:43Z">
          <reporter-output>
          </reporter-output>
        </test-method> <!-- test2 -->
        <test-method status="PASS" signature="shutdown()[pri:0, instance:com.hrmapp.orange.orangehrm.Tests@79be86]" name="shutdown" is-config="true" duration-ms="2509" started-at="2019-04-06T11:00:43Z" finished-at="2019-04-06T11:00:45Z">
          <reporter-output>
          </reporter-output>
        </test-method> <!-- shutdown -->
      </class> <!-- com.hrmapp.orange.orangehrm.Tests -->
    </test> <!-- Default test -->
  </suite> <!-- Default suite -->
</testng-results>
